<?xml version="1.0" encoding="UTF-8"?>
<!-- Generated by org.testng.reporters.JUnitXMLReporter -->
<testsuite ignored="0" hostname="LAPTOP-VI9AEGMN" failures="0" tests="8" name="Default test" time="39.635" errors="0" timestamp="2024-11-29T14:18:23 IST">
  <testcase classname="assignment.qa.testcases.HomePageTest" name="submitButtonDisabledName" time="0.139"/>
  <testcase classname="assignment.qa.testcases.HomePageTest" name="submitButtonEnabled" time="3.65"/>
  <testcase classname="assignment.qa.testcases.HomePageTest" name="verifyDropdownXpath1" time="0.256"/>
  <testcase classname="assignment.qa.testcases.HomePageTest" name="verifyDropdownXpath2" time="0.729"/>
  <testcase classname="assignment.qa.testcases.HomePageTest" name="verifyReadonlyState" time="0.096"/>
  <testcase classname="assignment.qa.testcases.HomePageTest" name="verifyTextAfterSubmit" time="3.256"/>
  <testcase classname="assignment.qa.testcases.HomePageTest" name="verifyTextInputElementXpath" time="0.194"/>
  <testcase classname="assignment.qa.testcases.HomePageTest" name="verifyUrlDataPassed" time="2.976"/>
</testsuite> <!-- Default test -->
