<?xml version="1.0" encoding="UTF-8"?>
<testng-results ignored="0" total="8" passed="8" failed="0" skipped="0">
  <reporter-output>
  </reporter-output>
  <suite started-at="2024-11-29T14:17:43 IST" name="Default suite" finished-at="2024-11-29T14:18:23 IST" duration-ms="39635">
    <groups>
    </groups>
    <test started-at="2024-11-29T14:17:43 IST" name="Default test" finished-at="2024-11-29T14:18:23 IST" duration-ms="39635">
      <class name="assignment.qa.testcases.HomePageTest">
        <test-method is-config="true" signature="setup()[pri:0, instance:assignment.qa.testcases.HomePageTest@17497425]" started-at="2024-11-29T14:17:43 IST" name="setup" finished-at="2024-11-29T14:17:48 IST" duration-ms="4993" status="PASS">
          <reporter-output>
          </reporter-output>
        </test-method> <!-- setup -->
        <test-method signature="submitButtonDisabledName()[pri:0, instance:assignment.qa.testcases.HomePageTest@17497425]" started-at="2024-11-29T14:17:48 IST" name="submitButtonDisabledName" finished-at="2024-11-29T14:17:48 IST" duration-ms="139" status="PASS">
          <reporter-output>
          </reporter-output>
        </test-method> <!-- submitButtonDisabledName -->
        <test-method is-config="true" signature="teardown()[pri:0, instance:assignment.qa.testcases.HomePageTest@17497425]" started-at="2024-11-29T14:17:48 IST" name="teardown" finished-at="2024-11-29T14:17:49 IST" duration-ms="561" status="PASS">
          <reporter-output>
          </reporter-output>
        </test-method> <!-- teardown -->
        <test-method is-config="true" signature="setup()[pri:0, instance:assignment.qa.testcases.HomePageTest@17497425]" started-at="2024-11-29T14:17:49 IST" name="setup" finished-at="2024-11-29T14:17:52 IST" duration-ms="2757" status="PASS">
          <reporter-output>
          </reporter-output>
        </test-method> <!-- setup -->
        <test-method signature="submitButtonEnabled()[pri:0, instance:assignment.qa.testcases.HomePageTest@17497425]" started-at="2024-11-29T14:17:52 IST" name="submitButtonEnabled" finished-at="2024-11-29T14:17:55 IST" duration-ms="3650" status="PASS">
          <reporter-output>
          </reporter-output>
        </test-method> <!-- submitButtonEnabled -->
        <test-method is-config="true" signature="teardown()[pri:0, instance:assignment.qa.testcases.HomePageTest@17497425]" started-at="2024-11-29T14:17:55 IST" name="teardown" finished-at="2024-11-29T14:17:56 IST" duration-ms="375" status="PASS">
          <reporter-output>
          </reporter-output>
        </test-method> <!-- teardown -->
        <test-method is-config="true" signature="setup()[pri:0, instance:assignment.qa.testcases.HomePageTest@17497425]" started-at="2024-11-29T14:17:56 IST" name="setup" finished-at="2024-11-29T14:17:59 IST" duration-ms="2865" status="PASS">
          <reporter-output>
          </reporter-output>
        </test-method> <!-- setup -->
        <test-method signature="verifyDropdownXpath1()[pri:0, instance:assignment.qa.testcases.HomePageTest@17497425]" started-at="2024-11-29T14:17:59 IST" name="verifyDropdownXpath1" finished-at="2024-11-29T14:17:59 IST" duration-ms="256" status="PASS">
          <reporter-output>
          </reporter-output>
        </test-method> <!-- verifyDropdownXpath1 -->
        <test-method is-config="true" signature="teardown()[pri:0, instance:assignment.qa.testcases.HomePageTest@17497425]" started-at="2024-11-29T14:17:59 IST" name="teardown" finished-at="2024-11-29T14:17:59 IST" duration-ms="379" status="PASS">
          <reporter-output>
          </reporter-output>
        </test-method> <!-- teardown -->
        <test-method is-config="true" signature="setup()[pri:0, instance:assignment.qa.testcases.HomePageTest@17497425]" started-at="2024-11-29T14:17:59 IST" name="setup" finished-at="2024-11-29T14:18:02 IST" duration-ms="2261" status="PASS">
          <reporter-output>
          </reporter-output>
        </test-method> <!-- setup -->
        <test-method signature="verifyDropdownXpath2()[pri:0, instance:assignment.qa.testcases.HomePageTest@17497425]" started-at="2024-11-29T14:18:02 IST" name="verifyDropdownXpath2" finished-at="2024-11-29T14:18:02 IST" duration-ms="729" status="PASS">
          <reporter-output>
          </reporter-output>
        </test-method> <!-- verifyDropdownXpath2 -->
        <test-method is-config="true" signature="teardown()[pri:0, instance:assignment.qa.testcases.HomePageTest@17497425]" started-at="2024-11-29T14:18:02 IST" name="teardown" finished-at="2024-11-29T14:18:03 IST" duration-ms="622" status="PASS">
          <reporter-output>
          </reporter-output>
        </test-method> <!-- teardown -->
        <test-method is-config="true" signature="setup()[pri:0, instance:assignment.qa.testcases.HomePageTest@17497425]" started-at="2024-11-29T14:18:03 IST" name="setup" finished-at="2024-11-29T14:18:05 IST" duration-ms="2609" status="PASS">
          <reporter-output>
          </reporter-output>
        </test-method> <!-- setup -->
        <test-method signature="verifyReadonlyState()[pri:0, instance:assignment.qa.testcases.HomePageTest@17497425]" started-at="2024-11-29T14:18:05 IST" name="verifyReadonlyState" finished-at="2024-11-29T14:18:06 IST" duration-ms="96" status="PASS">
          <reporter-output>
          </reporter-output>
        </test-method> <!-- verifyReadonlyState -->
        <test-method is-config="true" signature="teardown()[pri:0, instance:assignment.qa.testcases.HomePageTest@17497425]" started-at="2024-11-29T14:18:06 IST" name="teardown" finished-at="2024-11-29T14:18:06 IST" duration-ms="589" status="PASS">
          <reporter-output>
          </reporter-output>
        </test-method> <!-- teardown -->
        <test-method is-config="true" signature="setup()[pri:0, instance:assignment.qa.testcases.HomePageTest@17497425]" started-at="2024-11-29T14:18:06 IST" name="setup" finished-at="2024-11-29T14:18:09 IST" duration-ms="2477" status="PASS">
          <reporter-output>
          </reporter-output>
        </test-method> <!-- setup -->
        <test-method signature="verifyTextAfterSubmit()[pri:0, instance:assignment.qa.testcases.HomePageTest@17497425]" started-at="2024-11-29T14:18:09 IST" name="verifyTextAfterSubmit" finished-at="2024-11-29T14:18:12 IST" duration-ms="3256" status="PASS">
          <reporter-output>
          </reporter-output>
        </test-method> <!-- verifyTextAfterSubmit -->
        <test-method is-config="true" signature="teardown()[pri:0, instance:assignment.qa.testcases.HomePageTest@17497425]" started-at="2024-11-29T14:18:12 IST" name="teardown" finished-at="2024-11-29T14:18:13 IST" duration-ms="956" status="PASS">
          <reporter-output>
          </reporter-output>
        </test-method> <!-- teardown -->
        <test-method is-config="true" signature="setup()[pri:0, instance:assignment.qa.testcases.HomePageTest@17497425]" started-at="2024-11-29T14:18:13 IST" name="setup" finished-at="2024-11-29T14:18:15 IST" duration-ms="2566" status="PASS">
          <reporter-output>
          </reporter-output>
        </test-method> <!-- setup -->
        <test-method signature="verifyTextInputElementXpath()[pri:0, instance:assignment.qa.testcases.HomePageTest@17497425]" started-at="2024-11-29T14:18:15 IST" name="verifyTextInputElementXpath" finished-at="2024-11-29T14:18:16 IST" duration-ms="194" status="PASS">
          <reporter-output>
          </reporter-output>
        </test-method> <!-- verifyTextInputElementXpath -->
        <test-method is-config="true" signature="teardown()[pri:0, instance:assignment.qa.testcases.HomePageTest@17497425]" started-at="2024-11-29T14:18:16 IST" name="teardown" finished-at="2024-11-29T14:18:17 IST" duration-ms="1544" status="PASS">
          <reporter-output>
          </reporter-output>
        </test-method> <!-- teardown -->
        <test-method is-config="true" signature="setup()[pri:0, instance:assignment.qa.testcases.HomePageTest@17497425]" started-at="2024-11-29T14:18:17 IST" name="setup" finished-at="2024-11-29T14:18:19 IST" duration-ms="2330" status="PASS">
          <reporter-output>
          </reporter-output>
        </test-method> <!-- setup -->
        <test-method signature="verifyUrlDataPassed()[pri:0, instance:assignment.qa.testcases.HomePageTest@17497425]" started-at="2024-11-29T14:18:19 IST" name="verifyUrlDataPassed" finished-at="2024-11-29T14:18:22 IST" duration-ms="2976" status="PASS">
          <reporter-output>
          </reporter-output>
        </test-method> <!-- verifyUrlDataPassed -->
        <test-method is-config="true" signature="teardown()[pri:0, instance:assignment.qa.testcases.HomePageTest@17497425]" started-at="2024-11-29T14:18:22 IST" name="teardown" finished-at="2024-11-29T14:18:23 IST" duration-ms="341" status="PASS">
          <reporter-output>
          </reporter-output>
        </test-method> <!-- teardown -->
      </class> <!-- assignment.qa.testcases.HomePageTest -->
    </test> <!-- Default test -->
  </suite> <!-- Default suite -->
</testng-results>
